<?xml version="1.0" encoding="UTF-8"?>
<coverage generated="1631671111474" clover="3.2.0">
  <project timestamp="1631671111474" name="All files">
    <metrics statements="49" coveredstatements="49" conditionals="17" coveredconditionals="17" methods="4" coveredmethods="4" elements="70" coveredelements="70" complexity="0" loc="49" ncloc="49" packages="1" files="2" classes="2"/>
    <file name="benja.js" path="/home/tbor00/Escritorio/Desarrollos/test-tecn/benja.js">
      <metrics statements="10" coveredstatements="10" conditionals="2" coveredconditionals="2" methods="1" coveredmethods="1"/>
      <line num="1" count="1" type="cond" truecount="1" falsecount="0"/>
      <line num="2" count="2" type="cond" truecount="1" falsecount="0"/>
      <line num="3" count="1" type="stmt"/>
      <line num="4" count="1" type="stmt"/>
      <line num="5" count="1" type="stmt"/>
      <line num="6" count="1" type="stmt"/>
      <line num="7" count="1" type="stmt"/>
      <line num="8" count="1" type="stmt"/>
      <line num="9" count="1" type="stmt"/>
      <line num="10" count="1" type="stmt"/>
    </file>
    <file name="index.js" path="/home/tbor00/Escritorio/Desarrollos/test-tecn/index.js">
      <metrics statements="39" coveredstatements="39" conditionals="15" coveredconditionals="15" methods="3" coveredmethods="3"/>
      <line num="1" count="1" type="cond" truecount="1" falsecount="0"/>
      <line num="2" count="22" type="stmt"/>
      <line num="3" count="22" type="cond" truecount="1" falsecount="0"/>
      <line num="4" count="1" type="stmt"/>
      <line num="5" count="1" type="stmt"/>
      <line num="6" count="21" type="cond" truecount="1" falsecount="0"/>
      <line num="7" count="22" type="cond" truecount="1" falsecount="0"/>
      <line num="8" count="2" type="stmt"/>
      <line num="9" count="2" type="stmt"/>
      <line num="10" count="19" type="cond" truecount="1" falsecount="0"/>
      <line num="11" count="19" type="cond" truecount="1" falsecount="0"/>
      <line num="12" count="19" type="stmt"/>
      <line num="13" count="22" type="cond" truecount="2" falsecount="0"/>
      <line num="14" count="2" type="stmt"/>
      <line num="15" count="2" type="stmt"/>
      <line num="16" count="17" type="cond" truecount="1" falsecount="0"/>
      <line num="17" count="22" type="cond" truecount="1" falsecount="0"/>
      <line num="18" count="5" type="stmt"/>
      <line num="19" count="5" type="stmt"/>
      <line num="20" count="12" type="cond" truecount="1" falsecount="0"/>
      <line num="21" count="22" type="cond" truecount="1" falsecount="0"/>
      <line num="22" count="3" type="stmt"/>
      <line num="23" count="3" type="stmt"/>
      <line num="24" count="9" type="cond" truecount="1" falsecount="0"/>
      <line num="25" count="9" type="stmt"/>
      <line num="26" count="9" type="stmt"/>
      <line num="27" count="1" type="stmt"/>
      <line num="28" count="1" type="stmt"/>
      <line num="29" count="1" type="cond" truecount="1" falsecount="0"/>
      <line num="30" count="1" type="cond" truecount="1" falsecount="0"/>
      <line num="31" count="17" type="stmt"/>
      <line num="32" count="17" type="stmt"/>
      <line num="33" count="1" type="stmt"/>
      <line num="34" count="1" type="stmt"/>
      <line num="35" count="1" type="stmt"/>
      <line num="36" count="1" type="stmt"/>
      <line num="37" count="1" type="stmt"/>
      <line num="38" count="1" type="stmt"/>
      <line num="39" count="1" type="stmt"/>
    </file>
  </project>
</coverage>
