{"/home/tbor00/Escritorio/Desarrollos/test-tecn/benja.js": {"path":"/home/tbor00/Escritorio/Desarrollos/test-tecn/benja.js","all":false,"statementMap":{"0":{"start":{"line":1,"column":0},"end":{"line":1,"column":24}},"1":{"start":{"line":2,"column":0},"end":{"line":2,"column":24}},"2":{"start":{"line":3,"column":0},"end":{"line":3,"column":22}},"3":{"start":{"line":4,"column":0},"end":{"line":4,"column":5}},"4":{"start":{"line":5,"column":0},"end":{"line":5,"column":0}},"5":{"start":{"line":6,"column":0},"end":{"line":6,"column":26}},"6":{"start":{"line":7,"column":0},"end":{"line":7,"column":1}},"7":{"start":{"line":8,"column":0},"end":{"line":8,"column":0}},"8":{"start":{"line":9,"column":0},"end":{"line":9,"column":0}},"9":{"start":{"line":10,"column":0},"end":{"line":10,"column":22}}},"s":{"0":1,"1":2,"2":1,"3":1,"4":1,"5":1,"6":1,"7":1,"8":1,"9":1},"branchMap":{"0":{"type":"branch","line":1,"loc":{"start":{"line":1,"column":15},"end":{"line":7,"column":1}},"locations":[{"start":{"line":1,"column":15},"end":{"line":7,"column":1}}]},"1":{"type":"branch","line":2,"loc":{"start":{"line":2,"column":23},"end":{"line":7,"column":1}},"locations":[{"start":{"line":2,"column":23},"end":{"line":7,"column":1}}]}},"b":{"0":[2],"1":[1]},"fnMap":{"0":{"name":"benja","decl":{"start":{"line":1,"column":15},"end":{"line":7,"column":1}},"loc":{"start":{"line":1,"column":15},"end":{"line":7,"column":1}},"line":1}},"f":{"0":2}}
,"/home/tbor00/Escritorio/Desarrollos/test-tecn/index.js": {"path":"/home/tbor00/Escritorio/Desarrollos/test-tecn/index.js","all":false,"statementMap":{"0":{"start":{"line":1,"column":0},"end":{"line":1,"column":27}},"1":{"start":{"line":2,"column":0},"end":{"line":2,"column":0}},"2":{"start":{"line":3,"column":0},"end":{"line":3,"column":33}},"3":{"start":{"line":4,"column":0},"end":{"line":4,"column":19}},"4":{"start":{"line":5,"column":0},"end":{"line":5,"column":5}},"5":{"start":{"line":6,"column":0},"end":{"line":6,"column":0}},"6":{"start":{"line":7,"column":0},"end":{"line":7,"column":18}},"7":{"start":{"line":8,"column":0},"end":{"line":8,"column":18}},"8":{"start":{"line":9,"column":0},"end":{"line":9,"column":5}},"9":{"start":{"line":10,"column":0},"end":{"line":10,"column":0}},"10":{"start":{"line":11,"column":0},"end":{"line":11,"column":57}},"11":{"start":{"line":12,"column":0},"end":{"line":12,"column":0}},"12":{"start":{"line":13,"column":0},"end":{"line":13,"column":43}},"13":{"start":{"line":14,"column":0},"end":{"line":14,"column":25}},"14":{"start":{"line":15,"column":0},"end":{"line":15,"column":5}},"15":{"start":{"line":16,"column":0},"end":{"line":16,"column":0}},"16":{"start":{"line":17,"column":0},"end":{"line":17,"column":24}},"17":{"start":{"line":18,"column":0},"end":{"line":18,"column":21}},"18":{"start":{"line":19,"column":0},"end":{"line":19,"column":5}},"19":{"start":{"line":20,"column":0},"end":{"line":20,"column":0}},"20":{"start":{"line":21,"column":0},"end":{"line":21,"column":24}},"21":{"start":{"line":22,"column":0},"end":{"line":22,"column":21}},"22":{"start":{"line":23,"column":0},"end":{"line":23,"column":5}},"23":{"start":{"line":24,"column":0},"end":{"line":24,"column":0}},"24":{"start":{"line":25,"column":0},"end":{"line":25,"column":14}},"25":{"start":{"line":26,"column":0},"end":{"line":26,"column":1}},"26":{"start":{"line":27,"column":0},"end":{"line":27,"column":0}},"27":{"start":{"line":28,"column":0},"end":{"line":28,"column":0}},"28":{"start":{"line":29,"column":0},"end":{"line":29,"column":28}},"29":{"start":{"line":30,"column":0},"end":{"line":30,"column":33}},"30":{"start":{"line":31,"column":0},"end":{"line":31,"column":43}},"31":{"start":{"line":32,"column":0},"end":{"line":32,"column":5}},"32":{"start":{"line":33,"column":0},"end":{"line":33,"column":1}},"33":{"start":{"line":34,"column":0},"end":{"line":34,"column":0}},"34":{"start":{"line":35,"column":0},"end":{"line":35,"column":0}},"35":{"start":{"line":36,"column":0},"end":{"line":36,"column":13}},"36":{"start":{"line":37,"column":0},"end":{"line":37,"column":0}},"37":{"start":{"line":38,"column":0},"end":{"line":38,"column":0}},"38":{"start":{"line":39,"column":0},"end":{"line":39,"column":25}}},"s":{"0":1,"1":22,"2":22,"3":1,"4":1,"5":21,"6":22,"7":2,"8":2,"9":19,"10":19,"11":19,"12":22,"13":2,"14":2,"15":17,"16":22,"17":5,"18":5,"19":12,"20":22,"21":3,"22":3,"23":9,"24":9,"25":9,"26":1,"27":1,"28":1,"29":1,"30":17,"31":17,"32":1,"33":1,"34":1,"35":1,"36":1,"37":1,"38":1},"branchMap":{"0":{"type":"branch","line":1,"loc":{"start":{"line":1,"column":18},"end":{"line":26,"column":1}},"locations":[{"start":{"line":1,"column":18},"end":{"line":26,"column":1}}]},"1":{"type":"branch","line":3,"loc":{"start":{"line":3,"column":32},"end":{"line":5,"column":5}},"locations":[{"start":{"line":3,"column":32},"end":{"line":5,"column":5}}]},"2":{"type":"branch","line":6,"loc":{"start":{"line":6,"column":-1},"end":{"line":7,"column":7}},"locations":[{"start":{"line":6,"column":-1},"end":{"line":7,"column":7}}]},"3":{"type":"branch","line":7,"loc":{"start":{"line":7,"column":17},"end":{"line":9,"column":5}},"locations":[{"start":{"line":7,"column":17},"end":{"line":9,"column":5}}]},"4":{"type":"branch","line":10,"loc":{"start":{"line":10,"column":-1},"end":{"line":13,"column":14}},"locations":[{"start":{"line":10,"column":-1},"end":{"line":13,"column":14}}]},"5":{"type":"branch","line":13,"loc":{"start":{"line":13,"column":7},"end":{"line":13,"column":34}},"locations":[{"start":{"line":13,"column":7},"end":{"line":13,"column":34}}]},"6":{"type":"branch","line":13,"loc":{"start":{"line":13,"column":42},"end":{"line":15,"column":5}},"locations":[{"start":{"line":13,"column":42},"end":{"line":15,"column":5}}]},"7":{"type":"branch","line":16,"loc":{"start":{"line":16,"column":-1},"end":{"line":17,"column":7}},"locations":[{"start":{"line":16,"column":-1},"end":{"line":17,"column":7}}]},"8":{"type":"branch","line":17,"loc":{"start":{"line":17,"column":23},"end":{"line":19,"column":5}},"locations":[{"start":{"line":17,"column":23},"end":{"line":19,"column":5}}]},"9":{"type":"branch","line":20,"loc":{"start":{"line":20,"column":-1},"end":{"line":21,"column":7}},"locations":[{"start":{"line":20,"column":-1},"end":{"line":21,"column":7}}]},"10":{"type":"branch","line":21,"loc":{"start":{"line":21,"column":23},"end":{"line":23,"column":5}},"locations":[{"start":{"line":21,"column":23},"end":{"line":23,"column":5}}]},"11":{"type":"branch","line":24,"loc":{"start":{"line":24,"column":-1},"end":{"line":26,"column":1}},"locations":[{"start":{"line":24,"column":-1},"end":{"line":26,"column":1}}]},"12":{"type":"branch","line":11,"loc":{"start":{"line":11,"column":20},"end":{"line":11,"column":57}},"locations":[{"start":{"line":11,"column":20},"end":{"line":11,"column":57}}]},"13":{"type":"branch","line":29,"loc":{"start":{"line":29,"column":19},"end":{"line":33,"column":1}},"locations":[{"start":{"line":29,"column":19},"end":{"line":33,"column":1}}]},"14":{"type":"branch","line":30,"loc":{"start":{"line":30,"column":32},"end":{"line":32,"column":5}},"locations":[{"start":{"line":30,"column":32},"end":{"line":32,"column":5}}]}},"b":{"0":[22],"1":[1],"2":[21],"3":[2],"4":[19],"5":[7],"6":[2],"7":[17],"8":[5],"9":[12],"10":[3],"11":[9],"12":[55],"13":[1],"14":[17]},"fnMap":{"0":{"name":"fizzbuzz","decl":{"start":{"line":1,"column":18},"end":{"line":26,"column":1}},"loc":{"start":{"line":1,"column":18},"end":{"line":26,"column":1}},"line":1},"1":{"name":"divisor","decl":{"start":{"line":11,"column":20},"end":{"line":11,"column":57}},"loc":{"start":{"line":11,"column":20},"end":{"line":11,"column":57}},"line":11},"2":{"name":"printFizz","decl":{"start":{"line":29,"column":19},"end":{"line":33,"column":1}},"loc":{"start":{"line":29,"column":19},"end":{"line":33,"column":1}},"line":29}},"f":{"0":22,"1":55,"2":1}}
}
