TN:
SF:benja.js
FN:1,benja
FNF:1
FNH:1
FNDA:2,benja
DA:1,1
DA:2,2
DA:3,1
DA:4,1
DA:5,1
DA:6,1
DA:7,1
DA:8,1
DA:9,1
DA:10,1
LF:10
LH:10
BRDA:1,0,0,2
BRDA:2,1,0,1
BRF:2
BRH:2
end_of_record
TN:
SF:index.js
FN:1,fizzbuzz
FN:11,divisor
FN:29,printFizz
FNF:3
FNH:3
FNDA:22,fizzbuzz
FNDA:55,divisor
FNDA:1,printFizz
DA:1,1
DA:2,22
DA:3,22
DA:4,1
DA:5,1
DA:6,21
DA:7,22
DA:8,2
DA:9,2
DA:10,19
DA:11,19
DA:12,19
DA:13,22
DA:14,2
DA:15,2
DA:16,17
DA:17,22
DA:18,5
DA:19,5
DA:20,12
DA:21,22
DA:22,3
DA:23,3
DA:24,9
DA:25,9
DA:26,9
DA:27,1
DA:28,1
DA:29,1
DA:30,1
DA:31,17
DA:32,17
DA:33,1
DA:34,1
DA:35,1
DA:36,1
DA:37,1
DA:38,1
DA:39,1
LF:39
LH:39
BRDA:1,0,0,22
BRDA:3,1,0,1
BRDA:6,2,0,21
BRDA:7,3,0,2
BRDA:10,4,0,19
BRDA:13,5,0,7
BRDA:13,6,0,2
BRDA:16,7,0,17
BRDA:17,8,0,5
BRDA:20,9,0,12
BRDA:21,10,0,3
BRDA:24,11,0,9
BRDA:11,12,0,55
BRDA:29,13,0,1
BRDA:30,14,0,17
BRF:15
BRH:15
end_of_record
